<?xml version="1.0" encoding="UTF-8"?>
<!-- Generated by org.testng.reporters.JUnitXMLReporter -->
<testsuite hostname="Ashwani_Singh" failures="4" tests="11" name="Command line test" time="155.114" errors="0" timestamp="9 Sep 2022 06:10:18 GMT">
  <testcase classname="com.Ashwani.TestCases.TestCase1" name="CheckCartAfterOrder" time="14.104"/>
  <testcase classname="com.Ashwani.TestCases.TestCase1" name="CheckCartAfterOrder" time="13.27"/>
  <testcase classname="com.Ashwani.TestCases.TestCase1" name="validateLoginWithCorrectCred" time="13.064"/>
  <testcase classname="com.Ashwani.TestCases.TestCase1" name="validateLoginWithCorrectCred" time="13.11"/>
  <testcase classname="com.Ashwani.TestCases.TestCase1" name="validateLoginWithValidCred" time="0.978"/>
  <testcase classname="com.Ashwani.TestCases.TestCase1" name="validateLoginWithValidCred" time="1.045"/>
  <testcase classname="com.Ashwani.TestCases.TestCase1" name="validateLoginWithWrongCred" time="2.456">
    <failure type="java.lang.AssertionError" message="expected [Login Successfully] but found [ Incorrect email or password. ]">
      <![CDATA[java.lang.AssertionError: expected [Login Successfully] but found [ Incorrect email or password. ]
	at com.Ashwani.WebPagesPackage.LoginWebPage.inValidLogin(LoginWebPage.java:67)
	at com.Ashwani.TestCases.TestCase1.validateLoginWithWrongCred(TestCase1.java:84)
	at org.apache.maven.surefire.testng.TestNGExecutor.run(TestNGExecutor.java:77)
	at org.apache.maven.surefire.testng.TestNGDirectoryTestSuite.executeMulti(TestNGDirectoryTestSuite.java:159)
	at org.apache.maven.surefire.testng.TestNGDirectoryTestSuite.execute(TestNGDirectoryTestSuite.java:99)
	at org.apache.maven.surefire.testng.TestNGProvider.invoke(TestNGProvider.java:106)
	at org.apache.maven.surefire.util.ReflectionUtils.invokeMethodWithArray(ReflectionUtils.java:189)
	at org.apache.maven.surefire.booter.ProviderFactory$ProviderProxy.invoke(ProviderFactory.java:165)
	at org.apache.maven.surefire.booter.ProviderFactory.invokeProvider(ProviderFactory.java:85)
	at org.apache.maven.surefire.booter.ForkedBooter.runSuitesInProcess(ForkedBooter.java:115)
	at org.apache.maven.surefire.booter.ForkedBooter.main(ForkedBooter.java:75)
... Removed 30 stack frames]]>
    </failure>
  </testcase> <!-- validateLoginWithWrongCred -->
  <testcase classname="com.Ashwani.TestCases.TestCase1" name="validateLoginWithWrongCred" time="2.072">
    <failure type="java.lang.AssertionError" message="expected [Login Successfully] but found [ Incorrect email or password. ]">
      <![CDATA[java.lang.AssertionError: expected [Login Successfully] but found [ Incorrect email or password. ]
	at com.Ashwani.WebPagesPackage.LoginWebPage.inValidLogin(LoginWebPage.java:67)
	at com.Ashwani.TestCases.TestCase1.validateLoginWithWrongCred(TestCase1.java:84)
	at org.apache.maven.surefire.testng.TestNGExecutor.run(TestNGExecutor.java:77)
	at org.apache.maven.surefire.testng.TestNGDirectoryTestSuite.executeMulti(TestNGDirectoryTestSuite.java:159)
	at org.apache.maven.surefire.testng.TestNGDirectoryTestSuite.execute(TestNGDirectoryTestSuite.java:99)
	at org.apache.maven.surefire.testng.TestNGProvider.invoke(TestNGProvider.java:106)
	at org.apache.maven.surefire.util.ReflectionUtils.invokeMethodWithArray(ReflectionUtils.java:189)
	at org.apache.maven.surefire.booter.ProviderFactory$ProviderProxy.invoke(ProviderFactory.java:165)
	at org.apache.maven.surefire.booter.ProviderFactory.invokeProvider(ProviderFactory.java:85)
	at org.apache.maven.surefire.booter.ForkedBooter.runSuitesInProcess(ForkedBooter.java:115)
	at org.apache.maven.surefire.booter.ForkedBooter.main(ForkedBooter.java:75)
... Removed 30 stack frames]]>
    </failure>
  </testcase> <!-- validateLoginWithWrongCred -->
  <testcase classname="com.Ashwani.TestCases.TestCase1" name="validateLoginWithWrongCred" time="4.385">
    <failure type="java.lang.AssertionError" message="expected [Login Successfully] but found [ Incorrect email or password. ]">
      <![CDATA[java.lang.AssertionError: expected [Login Successfully] but found [ Incorrect email or password. ]
	at com.Ashwani.WebPagesPackage.LoginWebPage.inValidLogin(LoginWebPage.java:67)
	at com.Ashwani.TestCases.TestCase1.validateLoginWithWrongCred(TestCase1.java:84)
	at org.apache.maven.surefire.testng.TestNGExecutor.run(TestNGExecutor.java:77)
	at org.apache.maven.surefire.testng.TestNGDirectoryTestSuite.executeMulti(TestNGDirectoryTestSuite.java:159)
	at org.apache.maven.surefire.testng.TestNGDirectoryTestSuite.execute(TestNGDirectoryTestSuite.java:99)
	at org.apache.maven.surefire.testng.TestNGProvider.invoke(TestNGProvider.java:106)
	at org.apache.maven.surefire.util.ReflectionUtils.invokeMethodWithArray(ReflectionUtils.java:189)
	at org.apache.maven.surefire.booter.ProviderFactory$ProviderProxy.invoke(ProviderFactory.java:165)
	at org.apache.maven.surefire.booter.ProviderFactory.invokeProvider(ProviderFactory.java:85)
	at org.apache.maven.surefire.booter.ForkedBooter.runSuitesInProcess(ForkedBooter.java:115)
	at org.apache.maven.surefire.booter.ForkedBooter.main(ForkedBooter.java:75)
... Removed 30 stack frames]]>
    </failure>
  </testcase> <!-- validateLoginWithWrongCred -->
  <testcase classname="com.Ashwani.TestCases.TestCase1" name="validateLoginWithWrongCred" time="1.952">
    <failure type="java.lang.AssertionError" message="expected [Login Successfully] but found [ Incorrect email or password. ]">
      <![CDATA[java.lang.AssertionError: expected [Login Successfully] but found [ Incorrect email or password. ]
	at com.Ashwani.WebPagesPackage.LoginWebPage.inValidLogin(LoginWebPage.java:67)
	at com.Ashwani.TestCases.TestCase1.validateLoginWithWrongCred(TestCase1.java:84)
	at org.apache.maven.surefire.testng.TestNGExecutor.run(TestNGExecutor.java:77)
	at org.apache.maven.surefire.testng.TestNGDirectoryTestSuite.executeMulti(TestNGDirectoryTestSuite.java:159)
	at org.apache.maven.surefire.testng.TestNGDirectoryTestSuite.execute(TestNGDirectoryTestSuite.java:99)
	at org.apache.maven.surefire.testng.TestNGProvider.invoke(TestNGProvider.java:106)
	at org.apache.maven.surefire.util.ReflectionUtils.invokeMethodWithArray(ReflectionUtils.java:189)
	at org.apache.maven.surefire.booter.ProviderFactory$ProviderProxy.invoke(ProviderFactory.java:165)
	at org.apache.maven.surefire.booter.ProviderFactory.invokeProvider(ProviderFactory.java:85)
	at org.apache.maven.surefire.booter.ForkedBooter.runSuitesInProcess(ForkedBooter.java:115)
	at org.apache.maven.surefire.booter.ForkedBooter.main(ForkedBooter.java:75)
... Removed 30 stack frames]]>
    </failure>
  </testcase> <!-- validateLoginWithWrongCred -->
  <testcase classname="com.Ashwani.TestCases.TestCase2" name="identifyUnaddedProductInCart" time="2.171"/>
</testsuite> <!-- Command line test -->
