<!DOCTYPE html>

<html>
  <head>
  <title>TestNG reports</title>

    <link type="text/css" href="testng-reports.css" rel="stylesheet" />  
    <script type="text/javascript" src="jquery-1.7.1.min.js"></script>
    <script type="text/javascript" src="testng-reports.js"></script>
    <script type="text/javascript" src="https://www.google.com/jsapi"></script>
    <script type='text/javascript'>
      google.load('visualization', '1', {packages:['table']});
      google.setOnLoadCallback(drawTable);
      var suiteTableInitFunctions = new Array();
      var suiteTableData = new Array();
    </script>
    <!--
      <script type="text/javascript" src="jquery-ui/js/jquery-ui-1.8.16.custom.min.js"></script>
     -->
  </head>

  <body>
    <div class="top-banner-root">
      <span class="top-banner-title-font">Test results</span>
      <br/>
      <span class="top-banner-font-1">1 suite, 4 failed tests</span>
    </div> <!-- top-banner-root -->
    <div class="navigator-root">
      <div class="navigator-suite-header">
        <span>All suites</span>
        <a href="#" title="Collapse/expand all the suites" class="collapse-all-link">
          <img src="collapseall.gif" class="collapse-all-icon">
          </img> <!-- collapse-all-icon -->
        </a> <!-- collapse-all-link -->
      </div> <!-- navigator-suite-header -->
      <div class="suite">
        <div class="rounded-window">
          <div class="suite-header light-rounded-window-top">
            <a href="#" panel-name="suite-Suite" class="navigator-link">
              <span class="suite-name border-failed">Suite</span>
            </a> <!-- navigator-link -->
          </div> <!-- suite-header light-rounded-window-top -->
          <div class="navigator-suite-content">
            <div class="suite-section-title">
              <span>Info</span>
            </div> <!-- suite-section-title -->
            <div class="suite-section-content">
              <ul>
                <li>
                  <a href="#" panel-name="test-xml-Suite" class="navigator-link ">
                    <span>D:\workspace100\FramorkDesign\Suites\testng.xml</span>
                  </a> <!-- navigator-link  -->
                </li>
                <li>
                  <a href="#" panel-name="testlist-Suite" class="navigator-link ">
                    <span class="test-stats">2 tests</span>
                  </a> <!-- navigator-link  -->
                </li>
                <li>
                  <a href="#" panel-name="group-Suite" class="navigator-link ">
                    <span>1 group</span>
                  </a> <!-- navigator-link  -->
                </li>
                <li>
                  <a href="#" panel-name="times-Suite" class="navigator-link ">
                    <span>Times</span>
                  </a> <!-- navigator-link  -->
                </li>
                <li>
                  <a href="#" panel-name="reporter-Suite" class="navigator-link ">
                    <span>Reporter output</span>
                  </a> <!-- navigator-link  -->
                </li>
                <li>
                  <a href="#" panel-name="ignored-methods-Suite" class="navigator-link ">
                    <span>Ignored methods</span>
                  </a> <!-- navigator-link  -->
                </li>
                <li>
                  <a href="#" panel-name="chronological-Suite" class="navigator-link ">
                    <span>Chronological view</span>
                  </a> <!-- navigator-link  -->
                </li>
              </ul>
            </div> <!-- suite-section-content -->
            <div class="result-section">
              <div class="suite-section-title">
                <span>Results</span>
              </div> <!-- suite-section-title -->
              <div class="suite-section-content">
                <ul>
                  <li>
                    <span class="method-stats">11 methods, 4 failed,   7 passed</span>
                  </li>
                  <li>
                    <span class="method-list-title failed">Failed methods</span>
                    <span class="show-or-hide-methods failed">
                      <a href="#" panel-name="suite-Suite" class="hide-methods failed suite-Suite"> (hide)</a> <!-- hide-methods failed suite-Suite -->
                      <a href="#" panel-name="suite-Suite" class="show-methods failed suite-Suite"> (show)</a> <!-- show-methods failed suite-Suite -->
                    </span>
                    <div class="method-list-content failed suite-Suite">
                      <span>
                        <img src="failed.png" width="3%"/>
                        <a href="#" panel-name="suite-Suite" title="com.Ashwani.TestCases.TestCase1" class="method navigator-link" hash-for-method="validateLoginWithWrongCred(ashwanis824@gmail.com, Unacademy@50S)">validateLoginWithWrongCred(ashwanis824@gmail.com, Unacademy@50S)</a> <!-- method navigator-link -->
                      </span>
                      <br/>
                      <span>
                        <img src="failed.png" width="3%"/>
                        <a href="#" panel-name="suite-Suite" title="com.Ashwani.TestCases.TestCase1" class="method navigator-link" hash-for-method="validateLoginWithWrongCred(ashwanis824@gmail.com, Unacademy@50S)">validateLoginWithWrongCred(ashwanis824@gmail.com, Unacademy@50S)</a> <!-- method navigator-link -->
                      </span>
                      <br/>
                      <span>
                        <img src="failed.png" width="3%"/>
                        <a href="#" panel-name="suite-Suite" title="com.Ashwani.TestCases.TestCase1" class="method navigator-link" hash-for-method="validateLoginWithWrongCred(ashwanis824@gmail.com, Unacademy@50S)">validateLoginWithWrongCred(ashwanis824@gmail.com, Unacademy@50S)</a> <!-- method navigator-link -->
                      </span>
                      <br/>
                      <span>
                        <img src="failed.png" width="3%"/>
                        <a href="#" panel-name="suite-Suite" title="com.Ashwani.TestCases.TestCase1" class="method navigator-link" hash-for-method="validateLoginWithWrongCred(ashwanis824@gmail.com, Unacademy@50S)">validateLoginWithWrongCred(ashwanis824@gmail.com, Unacademy@50S)</a> <!-- method navigator-link -->
                      </span>
                      <br/>
                    </div> <!-- method-list-content failed suite-Suite -->
                  </li>
                  <li>
                    <span class="method-list-title passed">Passed methods</span>
                    <span class="show-or-hide-methods passed">
                      <a href="#" panel-name="suite-Suite" class="hide-methods passed suite-Suite"> (hide)</a> <!-- hide-methods passed suite-Suite -->
                      <a href="#" panel-name="suite-Suite" class="show-methods passed suite-Suite"> (show)</a> <!-- show-methods passed suite-Suite -->
                    </span>
                    <div class="method-list-content passed suite-Suite">
                      <span>
                        <img src="passed.png" width="3%"/>
                        <a href="#" panel-name="suite-Suite" title="com.Ashwani.TestCases.TestCase1" class="method navigator-link" hash-for-method="CheckCartAfterOrder({Email=ashwanis824@gmail.com, FirstProductName=IPHONE 13 PRO, SecondProductName=ADIDAS ORIGINAL, Pas...)">CheckCartAfterOrder({Email=ashwanis824@gmail.com, FirstProductName=IPHONE 13 PRO, SecondProductName=ADIDAS ORIGINAL, Pas...)</a> <!-- method navigator-link -->
                      </span>
                      <br/>
                      <span>
                        <img src="passed.png" width="3%"/>
                        <a href="#" panel-name="suite-Suite" title="com.Ashwani.TestCases.TestCase1" class="method navigator-link" hash-for-method="CheckCartAfterOrder({Email=ashwanis824@gmail.com, FirstProductName=ZARA COAT 3, SecondProductName=ADIDAS ORIGINAL, Passw...)">CheckCartAfterOrder({Email=ashwanis824@gmail.com, FirstProductName=ZARA COAT 3, SecondProductName=ADIDAS ORIGINAL, Passw...)</a> <!-- method navigator-link -->
                      </span>
                      <br/>
                      <span>
                        <img src="passed.png" width="3%"/>
                        <a href="#" panel-name="suite-Suite" title="com.Ashwani.TestCases.TestCase2" class="method navigator-link" hash-for-method="identifyUnaddedProductInCart">identifyUnaddedProductInCart</a> <!-- method navigator-link -->
                      </span>
                      <br/>
                      <span>
                        <img src="passed.png" width="3%"/>
                        <a href="#" panel-name="suite-Suite" title="com.Ashwani.TestCases.TestCase1" class="method navigator-link" hash-for-method="validateLoginWithCorrectCred({Email=ashwanis824@gmail.com, FirstProductName=ZARA COAT 3, SecondProductName=ADIDAS ORIGINAL, Passw...)">validateLoginWithCorrectCred({Email=ashwanis824@gmail.com, FirstProductName=ZARA COAT 3, SecondProductName=ADIDAS ORIGINAL, Passw...)</a> <!-- method navigator-link -->
                      </span>
                      <br/>
                      <span>
                        <img src="passed.png" width="3%"/>
                        <a href="#" panel-name="suite-Suite" title="com.Ashwani.TestCases.TestCase1" class="method navigator-link" hash-for-method="validateLoginWithCorrectCred({Email=ashwanis824@gmail.com, FirstProductName=ADIDAS ORIGINAL, SecondProductName=IPHONE 13 PRO, Pas...)">validateLoginWithCorrectCred({Email=ashwanis824@gmail.com, FirstProductName=ADIDAS ORIGINAL, SecondProductName=IPHONE 13 PRO, Pas...)</a> <!-- method navigator-link -->
                      </span>
                      <br/>
                      <span>
                        <img src="passed.png" width="3%"/>
                        <a href="#" panel-name="suite-Suite" title="com.Ashwani.TestCases.TestCase1" class="method navigator-link" hash-for-method="validateLoginWithValidCred(ashwanis824@gmail.com, Unacademy@50S)">validateLoginWithValidCred(ashwanis824@gmail.com, Unacademy@50S)</a> <!-- method navigator-link -->
                      </span>
                      <br/>
                      <span>
                        <img src="passed.png" width="3%"/>
                        <a href="#" panel-name="suite-Suite" title="com.Ashwani.TestCases.TestCase1" class="method navigator-link" hash-for-method="validateLoginWithValidCred(ashwanis824@gmail.com, Unacademy@50S)">validateLoginWithValidCred(ashwanis824@gmail.com, Unacademy@50S)</a> <!-- method navigator-link -->
                      </span>
                      <br/>
                    </div> <!-- method-list-content passed suite-Suite -->
                  </li>
                </ul>
              </div> <!-- suite-section-content -->
            </div> <!-- result-section -->
          </div> <!-- navigator-suite-content -->
        </div> <!-- rounded-window -->
      </div> <!-- suite -->
    </div> <!-- navigator-root -->
    <div class="wrapper">
      <div class="main-panel-root">
        <div panel-name="suite-Suite" class="panel Suite">
          <div class="suite-Suite-class-failed">
            <div class="main-panel-header rounded-window-top">
              <img src="failed.png"/>
              <span class="class-name">com.Ashwani.TestCases.TestCase1</span>
            </div> <!-- main-panel-header rounded-window-top -->
            <div class="main-panel-content rounded-window-bottom">
              <div class="method">
                <div class="method-content">
                  <a name="validateLoginWithWrongCred(ashwanis824@gmail.com, Unacademy@50S)">
                  </a> <!-- validateLoginWithWrongCred(ashwanis824@gmail.com, Unacademy@50S) -->
                  <span class="method-name">validateLoginWithWrongCred</span>
                  <span class="parameters">(ashwanis824@gmail.com, Unacademy@50S)</span>
                  <div class="stack-trace"><b>"java.lang.AssertionError: expected [Login Successfully] but found [ Incorrect email or password. ]
	at com.Ashwani.WebPagesPackage.LoginWebPage.inValidLogin(LoginWebPage.java:67)
	at com.Ashwani.TestCases.TestCase1.validateLoginWithWrongCred(TestCase1.java:84)
	at java.base/java.util.concurrent.FutureTask.run(FutureTask.java:264)
	at java.base/java.util.concurrent.ThreadPoolExecutor.runWorker(ThreadPoolExecutor.java:1136)
	at java.base/java.util.concurrent.ThreadPoolExecutor$Worker.run(ThreadPoolExecutor.java:635)
	at java.base/java.lang.Thread.run(Thread.java:833)
... Removed 21 stack frames<br/> java.lang.AssertionError: expected [Login Successfully] but found [ Incorrect email or password. ]
	at org.testng.Assert.fail(Assert.java:94)
	at org.testng.Assert.failNotEquals(Assert.java:494)
	at org.testng.Assert.assertEquals(Assert.java:123)
	at org.testng.Assert.assertEquals(Assert.java:176)
	at org.testng.Assert.assertEquals(Assert.java:186)
	at com.Ashwani.WebPagesPackage.LoginWebPage.inValidLogin(LoginWebPage.java:67)
	at com.Ashwani.TestCases.TestCase1.validateLoginWithWrongCred(TestCase1.java:84)
	at java.base/jdk.internal.reflect.NativeMethodAccessorImpl.invoke0(Native Method)
	at java.base/jdk.internal.reflect.NativeMethodAccessorImpl.invoke(NativeMethodAccessorImpl.java:77)
	at java.base/jdk.internal.reflect.DelegatingMethodAccessorImpl.invoke(DelegatingMethodAccessorImpl.java:43)
	at java.base/java.lang.reflect.Method.invoke(Method.java:568)
	at org.testng.internal.MethodInvocationHelper.invokeMethod(MethodInvocationHelper.java:80)
	at org.testng.internal.Invoker.invokeMethod(Invoker.java:714)
	at org.testng.internal.Invoker.retryFailed(Invoker.java:1049)
	at org.testng.internal.Invoker.invokeTestMethods(Invoker.java:1254)
	at org.testng.internal.TestMethodWorker.invokeTestMethods(TestMethodWorker.java:127)
	at org.testng.internal.TestMethodWorker.run(TestMethodWorker.java:111)
	at org.testng.TestRunner.privateRun(TestRunner.java:767)
	at org.testng.TestRunner.run(TestRunner.java:617)
	at org.testng.SuiteRunner.runTest(SuiteRunner.java:334)
	at org.testng.SuiteRunner.access$000(SuiteRunner.java:37)
	at org.testng.SuiteRunner$SuiteWorker.run(SuiteRunner.java:368)
	at org.testng.internal.thread.ThreadUtil$2.call(ThreadUtil.java:64)
	at java.base/java.util.concurrent.FutureTask.run(FutureTask.java:264)
	at java.base/java.util.concurrent.ThreadPoolExecutor.runWorker(ThreadPoolExecutor.java:1136)
	at java.base/java.util.concurrent.ThreadPoolExecutor$Worker.run(ThreadPoolExecutor.java:635)
	at java.base/java.lang.Thread.run(Thread.java:833)
"</b><br>org.testng.Assert.fail(Assert.java:94)<br>org.testng.Assert.failNotEquals(Assert.java:494)<br>org.testng.Assert.assertEquals(Assert.java:123)<br>org.testng.Assert.assertEquals(Assert.java:176)<br>org.testng.Assert.assertEquals(Assert.java:186)<br>com.Ashwani.WebPagesPackage.LoginWebPage.inValidLogin(LoginWebPage.java:67)<br>com.Ashwani.TestCases.TestCase1.validateLoginWithWrongCred(TestCase1.java:84)<br>java.base/jdk.internal.reflect.NativeMethodAccessorImpl.invoke0(Native Method)<br>java.base/jdk.internal.reflect.NativeMethodAccessorImpl.invoke(NativeMethodAccessorImpl.java:77)<br>java.base/jdk.internal.reflect.DelegatingMethodAccessorImpl.invoke(DelegatingMethodAccessorImpl.java:43)<br>java.base/java.lang.reflect.Method.invoke(Method.java:568)<br>org.testng.internal.MethodInvocationHelper.invokeMethod(MethodInvocationHelper.java:80)<br>org.testng.internal.Invoker.invokeMethod(Invoker.java:714)<br>org.testng.internal.Invoker.retryFailed(Invoker.java:1049)<br>org.testng.internal.Invoker.invokeTestMethods(Invoker.java:1254)<br>org.testng.internal.TestMethodWorker.invokeTestMethods(TestMethodWorker.java:127)<br>org.testng.internal.TestMethodWorker.run(TestMethodWorker.java:111)<br>org.testng.TestRunner.privateRun(TestRunner.java:767)<br>org.testng.TestRunner.run(TestRunner.java:617)<br>org.testng.SuiteRunner.runTest(SuiteRunner.java:334)<br>org.testng.SuiteRunner.access$000(SuiteRunner.java:37)<br>org.testng.SuiteRunner$SuiteWorker.run(SuiteRunner.java:368)<br>org.testng.internal.thread.ThreadUtil$2.call(ThreadUtil.java:64)<br>java.base/java.util.concurrent.FutureTask.run(FutureTask.java:264)<br>java.base/java.util.concurrent.ThreadPoolExecutor.runWorker(ThreadPoolExecutor.java:1136)<br>java.base/java.util.concurrent.ThreadPoolExecutor$Worker.run(ThreadPoolExecutor.java:635)<br>java.base/java.lang.Thread.run(Thread.java:833)<br>
</div> <!-- stack-trace -->
                </div> <!-- method-content -->
              </div> <!-- method -->
              <div class="method">
                <div class="method-content">
                  <a name="validateLoginWithWrongCred(ashwanis824@gmail.com, Unacademy@50S)">
                  </a> <!-- validateLoginWithWrongCred(ashwanis824@gmail.com, Unacademy@50S) -->
                  <span class="method-name">validateLoginWithWrongCred</span>
                  <span class="parameters">(ashwanis824@gmail.com, Unacademy@50S)</span>
                  <div class="stack-trace"><b>"java.lang.AssertionError: expected [Login Successfully] but found [ Incorrect email or password. ]
	at com.Ashwani.WebPagesPackage.LoginWebPage.inValidLogin(LoginWebPage.java:67)
	at com.Ashwani.TestCases.TestCase1.validateLoginWithWrongCred(TestCase1.java:84)
	at java.base/java.util.concurrent.FutureTask.run(FutureTask.java:264)
	at java.base/java.util.concurrent.ThreadPoolExecutor.runWorker(ThreadPoolExecutor.java:1136)
	at java.base/java.util.concurrent.ThreadPoolExecutor$Worker.run(ThreadPoolExecutor.java:635)
	at java.base/java.lang.Thread.run(Thread.java:833)
... Removed 21 stack frames<br/> java.lang.AssertionError: expected [Login Successfully] but found [ Incorrect email or password. ]
	at org.testng.Assert.fail(Assert.java:94)
	at org.testng.Assert.failNotEquals(Assert.java:494)
	at org.testng.Assert.assertEquals(Assert.java:123)
	at org.testng.Assert.assertEquals(Assert.java:176)
	at org.testng.Assert.assertEquals(Assert.java:186)
	at com.Ashwani.WebPagesPackage.LoginWebPage.inValidLogin(LoginWebPage.java:67)
	at com.Ashwani.TestCases.TestCase1.validateLoginWithWrongCred(TestCase1.java:84)
	at java.base/jdk.internal.reflect.NativeMethodAccessorImpl.invoke0(Native Method)
	at java.base/jdk.internal.reflect.NativeMethodAccessorImpl.invoke(NativeMethodAccessorImpl.java:77)
	at java.base/jdk.internal.reflect.DelegatingMethodAccessorImpl.invoke(DelegatingMethodAccessorImpl.java:43)
	at java.base/java.lang.reflect.Method.invoke(Method.java:568)
	at org.testng.internal.MethodInvocationHelper.invokeMethod(MethodInvocationHelper.java:80)
	at org.testng.internal.Invoker.invokeMethod(Invoker.java:714)
	at org.testng.internal.Invoker.invokeTestMethod(Invoker.java:901)
	at org.testng.internal.Invoker.invokeTestMethods(Invoker.java:1231)
	at org.testng.internal.TestMethodWorker.invokeTestMethods(TestMethodWorker.java:127)
	at org.testng.internal.TestMethodWorker.run(TestMethodWorker.java:111)
	at org.testng.TestRunner.privateRun(TestRunner.java:767)
	at org.testng.TestRunner.run(TestRunner.java:617)
	at org.testng.SuiteRunner.runTest(SuiteRunner.java:334)
	at org.testng.SuiteRunner.access$000(SuiteRunner.java:37)
	at org.testng.SuiteRunner$SuiteWorker.run(SuiteRunner.java:368)
	at org.testng.internal.thread.ThreadUtil$2.call(ThreadUtil.java:64)
	at java.base/java.util.concurrent.FutureTask.run(FutureTask.java:264)
	at java.base/java.util.concurrent.ThreadPoolExecutor.runWorker(ThreadPoolExecutor.java:1136)
	at java.base/java.util.concurrent.ThreadPoolExecutor$Worker.run(ThreadPoolExecutor.java:635)
	at java.base/java.lang.Thread.run(Thread.java:833)
"</b><br>org.testng.Assert.fail(Assert.java:94)<br>org.testng.Assert.failNotEquals(Assert.java:494)<br>org.testng.Assert.assertEquals(Assert.java:123)<br>org.testng.Assert.assertEquals(Assert.java:176)<br>org.testng.Assert.assertEquals(Assert.java:186)<br>com.Ashwani.WebPagesPackage.LoginWebPage.inValidLogin(LoginWebPage.java:67)<br>com.Ashwani.TestCases.TestCase1.validateLoginWithWrongCred(TestCase1.java:84)<br>java.base/jdk.internal.reflect.NativeMethodAccessorImpl.invoke0(Native Method)<br>java.base/jdk.internal.reflect.NativeMethodAccessorImpl.invoke(NativeMethodAccessorImpl.java:77)<br>java.base/jdk.internal.reflect.DelegatingMethodAccessorImpl.invoke(DelegatingMethodAccessorImpl.java:43)<br>java.base/java.lang.reflect.Method.invoke(Method.java:568)<br>org.testng.internal.MethodInvocationHelper.invokeMethod(MethodInvocationHelper.java:80)<br>org.testng.internal.Invoker.invokeMethod(Invoker.java:714)<br>org.testng.internal.Invoker.invokeTestMethod(Invoker.java:901)<br>org.testng.internal.Invoker.invokeTestMethods(Invoker.java:1231)<br>org.testng.internal.TestMethodWorker.invokeTestMethods(TestMethodWorker.java:127)<br>org.testng.internal.TestMethodWorker.run(TestMethodWorker.java:111)<br>org.testng.TestRunner.privateRun(TestRunner.java:767)<br>org.testng.TestRunner.run(TestRunner.java:617)<br>org.testng.SuiteRunner.runTest(SuiteRunner.java:334)<br>org.testng.SuiteRunner.access$000(SuiteRunner.java:37)<br>org.testng.SuiteRunner$SuiteWorker.run(SuiteRunner.java:368)<br>org.testng.internal.thread.ThreadUtil$2.call(ThreadUtil.java:64)<br>java.base/java.util.concurrent.FutureTask.run(FutureTask.java:264)<br>java.base/java.util.concurrent.ThreadPoolExecutor.runWorker(ThreadPoolExecutor.java:1136)<br>java.base/java.util.concurrent.ThreadPoolExecutor$Worker.run(ThreadPoolExecutor.java:635)<br>java.base/java.lang.Thread.run(Thread.java:833)<br>
</div> <!-- stack-trace -->
                </div> <!-- method-content -->
              </div> <!-- method -->
              <div class="method">
                <div class="method-content">
                  <a name="validateLoginWithWrongCred(ashwanis824@gmail.com, Unacademy@50S)">
                  </a> <!-- validateLoginWithWrongCred(ashwanis824@gmail.com, Unacademy@50S) -->
                  <span class="method-name">validateLoginWithWrongCred</span>
                  <span class="parameters">(ashwanis824@gmail.com, Unacademy@50S)</span>
                  <div class="stack-trace"><b>"java.lang.AssertionError: expected [Login Successfully] but found [ Incorrect email or password. ]
	at com.Ashwani.WebPagesPackage.LoginWebPage.inValidLogin(LoginWebPage.java:67)
	at com.Ashwani.TestCases.TestCase1.validateLoginWithWrongCred(TestCase1.java:84)
	at java.base/java.util.concurrent.FutureTask.run(FutureTask.java:264)
	at java.base/java.util.concurrent.ThreadPoolExecutor.runWorker(ThreadPoolExecutor.java:1136)
	at java.base/java.util.concurrent.ThreadPoolExecutor$Worker.run(ThreadPoolExecutor.java:635)
	at java.base/java.lang.Thread.run(Thread.java:833)
... Removed 21 stack frames<br/> java.lang.AssertionError: expected [Login Successfully] but found [ Incorrect email or password. ]
	at org.testng.Assert.fail(Assert.java:94)
	at org.testng.Assert.failNotEquals(Assert.java:494)
	at org.testng.Assert.assertEquals(Assert.java:123)
	at org.testng.Assert.assertEquals(Assert.java:176)
	at org.testng.Assert.assertEquals(Assert.java:186)
	at com.Ashwani.WebPagesPackage.LoginWebPage.inValidLogin(LoginWebPage.java:67)
	at com.Ashwani.TestCases.TestCase1.validateLoginWithWrongCred(TestCase1.java:84)
	at java.base/jdk.internal.reflect.NativeMethodAccessorImpl.invoke0(Native Method)
	at java.base/jdk.internal.reflect.NativeMethodAccessorImpl.invoke(NativeMethodAccessorImpl.java:77)
	at java.base/jdk.internal.reflect.DelegatingMethodAccessorImpl.invoke(DelegatingMethodAccessorImpl.java:43)
	at java.base/java.lang.reflect.Method.invoke(Method.java:568)
	at org.testng.internal.MethodInvocationHelper.invokeMethod(MethodInvocationHelper.java:80)
	at org.testng.internal.Invoker.invokeMethod(Invoker.java:714)
	at org.testng.internal.Invoker.invokeTestMethod(Invoker.java:901)
	at org.testng.internal.Invoker.invokeTestMethods(Invoker.java:1231)
	at org.testng.internal.TestMethodWorker.invokeTestMethods(TestMethodWorker.java:127)
	at org.testng.internal.TestMethodWorker.run(TestMethodWorker.java:111)
	at org.testng.TestRunner.privateRun(TestRunner.java:767)
	at org.testng.TestRunner.run(TestRunner.java:617)
	at org.testng.SuiteRunner.runTest(SuiteRunner.java:334)
	at org.testng.SuiteRunner.access$000(SuiteRunner.java:37)
	at org.testng.SuiteRunner$SuiteWorker.run(SuiteRunner.java:368)
	at org.testng.internal.thread.ThreadUtil$2.call(ThreadUtil.java:64)
	at java.base/java.util.concurrent.FutureTask.run(FutureTask.java:264)
	at java.base/java.util.concurrent.ThreadPoolExecutor.runWorker(ThreadPoolExecutor.java:1136)
	at java.base/java.util.concurrent.ThreadPoolExecutor$Worker.run(ThreadPoolExecutor.java:635)
	at java.base/java.lang.Thread.run(Thread.java:833)
"</b><br>org.testng.Assert.fail(Assert.java:94)<br>org.testng.Assert.failNotEquals(Assert.java:494)<br>org.testng.Assert.assertEquals(Assert.java:123)<br>org.testng.Assert.assertEquals(Assert.java:176)<br>org.testng.Assert.assertEquals(Assert.java:186)<br>com.Ashwani.WebPagesPackage.LoginWebPage.inValidLogin(LoginWebPage.java:67)<br>com.Ashwani.TestCases.TestCase1.validateLoginWithWrongCred(TestCase1.java:84)<br>java.base/jdk.internal.reflect.NativeMethodAccessorImpl.invoke0(Native Method)<br>java.base/jdk.internal.reflect.NativeMethodAccessorImpl.invoke(NativeMethodAccessorImpl.java:77)<br>java.base/jdk.internal.reflect.DelegatingMethodAccessorImpl.invoke(DelegatingMethodAccessorImpl.java:43)<br>java.base/java.lang.reflect.Method.invoke(Method.java:568)<br>org.testng.internal.MethodInvocationHelper.invokeMethod(MethodInvocationHelper.java:80)<br>org.testng.internal.Invoker.invokeMethod(Invoker.java:714)<br>org.testng.internal.Invoker.invokeTestMethod(Invoker.java:901)<br>org.testng.internal.Invoker.invokeTestMethods(Invoker.java:1231)<br>org.testng.internal.TestMethodWorker.invokeTestMethods(TestMethodWorker.java:127)<br>org.testng.internal.TestMethodWorker.run(TestMethodWorker.java:111)<br>org.testng.TestRunner.privateRun(TestRunner.java:767)<br>org.testng.TestRunner.run(TestRunner.java:617)<br>org.testng.SuiteRunner.runTest(SuiteRunner.java:334)<br>org.testng.SuiteRunner.access$000(SuiteRunner.java:37)<br>org.testng.SuiteRunner$SuiteWorker.run(SuiteRunner.java:368)<br>org.testng.internal.thread.ThreadUtil$2.call(ThreadUtil.java:64)<br>java.base/java.util.concurrent.FutureTask.run(FutureTask.java:264)<br>java.base/java.util.concurrent.ThreadPoolExecutor.runWorker(ThreadPoolExecutor.java:1136)<br>java.base/java.util.concurrent.ThreadPoolExecutor$Worker.run(ThreadPoolExecutor.java:635)<br>java.base/java.lang.Thread.run(Thread.java:833)<br>
</div> <!-- stack-trace -->
                </div> <!-- method-content -->
              </div> <!-- method -->
              <div class="method">
                <div class="method-content">
                  <a name="validateLoginWithWrongCred(ashwanis824@gmail.com, Unacademy@50S)">
                  </a> <!-- validateLoginWithWrongCred(ashwanis824@gmail.com, Unacademy@50S) -->
                  <span class="method-name">validateLoginWithWrongCred</span>
                  <span class="parameters">(ashwanis824@gmail.com, Unacademy@50S)</span>
                  <div class="stack-trace"><b>"java.lang.AssertionError: expected [Login Successfully] but found [ Incorrect email or password. ]
	at com.Ashwani.WebPagesPackage.LoginWebPage.inValidLogin(LoginWebPage.java:67)
	at com.Ashwani.TestCases.TestCase1.validateLoginWithWrongCred(TestCase1.java:84)
	at java.base/java.util.concurrent.FutureTask.run(FutureTask.java:264)
	at java.base/java.util.concurrent.ThreadPoolExecutor.runWorker(ThreadPoolExecutor.java:1136)
	at java.base/java.util.concurrent.ThreadPoolExecutor$Worker.run(ThreadPoolExecutor.java:635)
	at java.base/java.lang.Thread.run(Thread.java:833)
... Removed 21 stack frames<br/> java.lang.AssertionError: expected [Login Successfully] but found [ Incorrect email or password. ]
	at org.testng.Assert.fail(Assert.java:94)
	at org.testng.Assert.failNotEquals(Assert.java:494)
	at org.testng.Assert.assertEquals(Assert.java:123)
	at org.testng.Assert.assertEquals(Assert.java:176)
	at org.testng.Assert.assertEquals(Assert.java:186)
	at com.Ashwani.WebPagesPackage.LoginWebPage.inValidLogin(LoginWebPage.java:67)
	at com.Ashwani.TestCases.TestCase1.validateLoginWithWrongCred(TestCase1.java:84)
	at java.base/jdk.internal.reflect.NativeMethodAccessorImpl.invoke0(Native Method)
	at java.base/jdk.internal.reflect.NativeMethodAccessorImpl.invoke(NativeMethodAccessorImpl.java:77)
	at java.base/jdk.internal.reflect.DelegatingMethodAccessorImpl.invoke(DelegatingMethodAccessorImpl.java:43)
	at java.base/java.lang.reflect.Method.invoke(Method.java:568)
	at org.testng.internal.MethodInvocationHelper.invokeMethod(MethodInvocationHelper.java:80)
	at org.testng.internal.Invoker.invokeMethod(Invoker.java:714)
	at org.testng.internal.Invoker.retryFailed(Invoker.java:1049)
	at org.testng.internal.Invoker.invokeTestMethods(Invoker.java:1254)
	at org.testng.internal.TestMethodWorker.invokeTestMethods(TestMethodWorker.java:127)
	at org.testng.internal.TestMethodWorker.run(TestMethodWorker.java:111)
	at org.testng.TestRunner.privateRun(TestRunner.java:767)
	at org.testng.TestRunner.run(TestRunner.java:617)
	at org.testng.SuiteRunner.runTest(SuiteRunner.java:334)
	at org.testng.SuiteRunner.access$000(SuiteRunner.java:37)
	at org.testng.SuiteRunner$SuiteWorker.run(SuiteRunner.java:368)
	at org.testng.internal.thread.ThreadUtil$2.call(ThreadUtil.java:64)
	at java.base/java.util.concurrent.FutureTask.run(FutureTask.java:264)
	at java.base/java.util.concurrent.ThreadPoolExecutor.runWorker(ThreadPoolExecutor.java:1136)
	at java.base/java.util.concurrent.ThreadPoolExecutor$Worker.run(ThreadPoolExecutor.java:635)
	at java.base/java.lang.Thread.run(Thread.java:833)
"</b><br>org.testng.Assert.fail(Assert.java:94)<br>org.testng.Assert.failNotEquals(Assert.java:494)<br>org.testng.Assert.assertEquals(Assert.java:123)<br>org.testng.Assert.assertEquals(Assert.java:176)<br>org.testng.Assert.assertEquals(Assert.java:186)<br>com.Ashwani.WebPagesPackage.LoginWebPage.inValidLogin(LoginWebPage.java:67)<br>com.Ashwani.TestCases.TestCase1.validateLoginWithWrongCred(TestCase1.java:84)<br>java.base/jdk.internal.reflect.NativeMethodAccessorImpl.invoke0(Native Method)<br>java.base/jdk.internal.reflect.NativeMethodAccessorImpl.invoke(NativeMethodAccessorImpl.java:77)<br>java.base/jdk.internal.reflect.DelegatingMethodAccessorImpl.invoke(DelegatingMethodAccessorImpl.java:43)<br>java.base/java.lang.reflect.Method.invoke(Method.java:568)<br>org.testng.internal.MethodInvocationHelper.invokeMethod(MethodInvocationHelper.java:80)<br>org.testng.internal.Invoker.invokeMethod(Invoker.java:714)<br>org.testng.internal.Invoker.retryFailed(Invoker.java:1049)<br>org.testng.internal.Invoker.invokeTestMethods(Invoker.java:1254)<br>org.testng.internal.TestMethodWorker.invokeTestMethods(TestMethodWorker.java:127)<br>org.testng.internal.TestMethodWorker.run(TestMethodWorker.java:111)<br>org.testng.TestRunner.privateRun(TestRunner.java:767)<br>org.testng.TestRunner.run(TestRunner.java:617)<br>org.testng.SuiteRunner.runTest(SuiteRunner.java:334)<br>org.testng.SuiteRunner.access$000(SuiteRunner.java:37)<br>org.testng.SuiteRunner$SuiteWorker.run(SuiteRunner.java:368)<br>org.testng.internal.thread.ThreadUtil$2.call(ThreadUtil.java:64)<br>java.base/java.util.concurrent.FutureTask.run(FutureTask.java:264)<br>java.base/java.util.concurrent.ThreadPoolExecutor.runWorker(ThreadPoolExecutor.java:1136)<br>java.base/java.util.concurrent.ThreadPoolExecutor$Worker.run(ThreadPoolExecutor.java:635)<br>java.base/java.lang.Thread.run(Thread.java:833)<br>
</div> <!-- stack-trace -->
                </div> <!-- method-content -->
              </div> <!-- method -->
            </div> <!-- main-panel-content rounded-window-bottom -->
          </div> <!-- suite-Suite-class-failed -->
          <div class="suite-Suite-class-passed">
            <div class="main-panel-header rounded-window-top">
              <img src="passed.png"/>
              <span class="class-name">com.Ashwani.TestCases.TestCase1</span>
            </div> <!-- main-panel-header rounded-window-top -->
            <div class="main-panel-content rounded-window-bottom">
              <div class="method">
                <div class="method-content">
                  <a name="CheckCartAfterOrder({Email=ashwanis824@gmail.com, FirstProductName=IPHONE 13 PRO, SecondProductName=ADIDAS ORIGINAL, Pas...)">
                  </a> <!-- CheckCartAfterOrder({Email=ashwanis824@gmail.com, FirstProductName=IPHONE 13 PRO, SecondProductName=ADIDAS ORIGINAL, Pas...) -->
                  <span class="method-name">CheckCartAfterOrder</span>
                  <span class="parameters">({Email=ashwanis824@gmail.com, FirstProductName=IPHONE 13 PRO, SecondProductName=ADIDAS ORIGINAL, Password=Unacademy@50S})</span>
                </div> <!-- method-content -->
              </div> <!-- method -->
              <div class="method">
                <div class="method-content">
                  <a name="CheckCartAfterOrder({Email=ashwanis824@gmail.com, FirstProductName=ZARA COAT 3, SecondProductName=ADIDAS ORIGINAL, Passw...)">
                  </a> <!-- CheckCartAfterOrder({Email=ashwanis824@gmail.com, FirstProductName=ZARA COAT 3, SecondProductName=ADIDAS ORIGINAL, Passw...) -->
                  <span class="method-name">CheckCartAfterOrder</span>
                  <span class="parameters">({Email=ashwanis824@gmail.com, FirstProductName=ZARA COAT 3, SecondProductName=ADIDAS ORIGINAL, Password=Unacademy@50S})</span>
                </div> <!-- method-content -->
              </div> <!-- method -->
              <div class="method">
                <div class="method-content">
                  <a name="validateLoginWithCorrectCred({Email=ashwanis824@gmail.com, FirstProductName=ZARA COAT 3, SecondProductName=ADIDAS ORIGINAL, Passw...)">
                  </a> <!-- validateLoginWithCorrectCred({Email=ashwanis824@gmail.com, FirstProductName=ZARA COAT 3, SecondProductName=ADIDAS ORIGINAL, Passw...) -->
                  <span class="method-name">validateLoginWithCorrectCred</span>
                  <span class="parameters">({Email=ashwanis824@gmail.com, FirstProductName=ZARA COAT 3, SecondProductName=ADIDAS ORIGINAL, Password=Unacademy@50S})</span>
                </div> <!-- method-content -->
              </div> <!-- method -->
              <div class="method">
                <div class="method-content">
                  <a name="validateLoginWithCorrectCred({Email=ashwanis824@gmail.com, FirstProductName=ADIDAS ORIGINAL, SecondProductName=IPHONE 13 PRO, Pas...)">
                  </a> <!-- validateLoginWithCorrectCred({Email=ashwanis824@gmail.com, FirstProductName=ADIDAS ORIGINAL, SecondProductName=IPHONE 13 PRO, Pas...) -->
                  <span class="method-name">validateLoginWithCorrectCred</span>
                  <span class="parameters">({Email=ashwanis824@gmail.com, FirstProductName=ADIDAS ORIGINAL, SecondProductName=IPHONE 13 PRO, Password=Unacademy@50S})</span>
                </div> <!-- method-content -->
              </div> <!-- method -->
              <div class="method">
                <div class="method-content">
                  <a name="validateLoginWithValidCred(ashwanis824@gmail.com, Unacademy@50S)">
                  </a> <!-- validateLoginWithValidCred(ashwanis824@gmail.com, Unacademy@50S) -->
                  <span class="method-name">validateLoginWithValidCred</span>
                  <span class="parameters">(ashwanis824@gmail.com, Unacademy@50S)</span>
                </div> <!-- method-content -->
              </div> <!-- method -->
              <div class="method">
                <div class="method-content">
                  <a name="validateLoginWithValidCred(ashwanis824@gmail.com, Unacademy@50S)">
                  </a> <!-- validateLoginWithValidCred(ashwanis824@gmail.com, Unacademy@50S) -->
                  <span class="method-name">validateLoginWithValidCred</span>
                  <span class="parameters">(ashwanis824@gmail.com, Unacademy@50S)</span>
                </div> <!-- method-content -->
              </div> <!-- method -->
            </div> <!-- main-panel-content rounded-window-bottom -->
          </div> <!-- suite-Suite-class-passed -->
          <div class="suite-Suite-class-passed">
            <div class="main-panel-header rounded-window-top">
              <img src="passed.png"/>
              <span class="class-name">com.Ashwani.TestCases.TestCase2</span>
            </div> <!-- main-panel-header rounded-window-top -->
            <div class="main-panel-content rounded-window-bottom">
              <div class="method">
                <div class="method-content">
                  <a name="identifyUnaddedProductInCart">
                  </a> <!-- identifyUnaddedProductInCart -->
                  <span class="method-name">identifyUnaddedProductInCart</span>
                </div> <!-- method-content -->
              </div> <!-- method -->
            </div> <!-- main-panel-content rounded-window-bottom -->
          </div> <!-- suite-Suite-class-passed -->
        </div> <!-- panel Suite -->
        <div panel-name="test-xml-Suite" class="panel">
          <div class="main-panel-header rounded-window-top">
            <span class="header-content">D:\workspace100\FramorkDesign\Suites\testng.xml</span>
          </div> <!-- main-panel-header rounded-window-top -->
          <div class="main-panel-content rounded-window-bottom">
            <pre>
&lt;?xml version=&quot;1.0&quot; encoding=&quot;UTF-8&quot;?&gt;
&lt;!DOCTYPE suite SYSTEM &quot;http://testng.org/testng-1.0.dtd&quot;&gt;
&lt;suite parallel=&quot;tests&quot; name=&quot;Suite&quot; verbose=&quot;0&quot;&gt;
  &lt;listeners&gt;
    &lt;listener class-name=&quot;com.Ashwani.TestCases.Listeners&quot;/&gt;
  &lt;/listeners&gt;
  &lt;test thread-count=&quot;5&quot; name=&quot;Login&quot;&gt;
    &lt;classes&gt;
      &lt;class name=&quot;com.Ashwani.TestCases.TestCase1&quot;/&gt;
    &lt;/classes&gt;
  &lt;/test&gt; &lt;!-- Login --&gt;
  &lt;test thread-count=&quot;5&quot; name=&quot;ProductCheckinCart&quot;&gt;
    &lt;classes&gt;
      &lt;class name=&quot;com.Ashwani.TestCases.TestCase2&quot;/&gt;
    &lt;/classes&gt;
  &lt;/test&gt; &lt;!-- ProductCheckinCart --&gt;
&lt;/suite&gt; &lt;!-- Suite --&gt;
            </pre>
          </div> <!-- main-panel-content rounded-window-bottom -->
        </div> <!-- panel -->
        <div panel-name="testlist-Suite" class="panel">
          <div class="main-panel-header rounded-window-top">
            <span class="header-content">Tests for Suite</span>
          </div> <!-- main-panel-header rounded-window-top -->
          <div class="main-panel-content rounded-window-bottom">
            <ul>
              <li>
                <span class="test-name">Login (1 class)</span>
              </li>
              <li>
                <span class="test-name">ProductCheckinCart (1 class)</span>
              </li>
            </ul>
          </div> <!-- main-panel-content rounded-window-bottom -->
        </div> <!-- panel -->
        <div panel-name="group-Suite" class="panel">
          <div class="main-panel-header rounded-window-top">
            <span class="header-content">Groups for Suite</span>
          </div> <!-- main-panel-header rounded-window-top -->
          <div class="main-panel-content rounded-window-bottom">
            <div class="test-group">
              <span class="test-group-name">Smoke</span>
              <br/>
              <div class="method-in-group">
                <span class="method-in-group-name">identifyUnaddedProductInCart</span>
                <br/>
              </div> <!-- method-in-group -->
              <div class="method-in-group">
                <span class="method-in-group-name">validateLoginWithCorrectCred</span>
                <br/>
              </div> <!-- method-in-group -->
            </div> <!-- test-group -->
          </div> <!-- main-panel-content rounded-window-bottom -->
        </div> <!-- panel -->
        <div panel-name="times-Suite" class="panel">
          <div class="main-panel-header rounded-window-top">
            <span class="header-content">Times for Suite</span>
          </div> <!-- main-panel-header rounded-window-top -->
          <div class="main-panel-content rounded-window-bottom">
            <div class="times-div">
              <script type="text/javascript">
suiteTableInitFunctions.push('tableData_Suite');
function tableData_Suite() {
var data = new google.visualization.DataTable();
data.addColumn('number', 'Number');
data.addColumn('string', 'Method');
data.addColumn('string', 'Class');
data.addColumn('number', 'Time (ms)');
data.addRows(11);
data.setCell(0, 0, 0)
data.setCell(0, 1, 'CheckCartAfterOrder')
data.setCell(0, 2, 'com.Ashwani.TestCases.TestCase1')
data.setCell(0, 3, 13549);
data.setCell(1, 0, 1)
data.setCell(1, 1, 'CheckCartAfterOrder')
data.setCell(1, 2, 'com.Ashwani.TestCases.TestCase1')
data.setCell(1, 3, 12209);
data.setCell(2, 0, 2)
data.setCell(2, 1, 'validateLoginWithCorrectCred')
data.setCell(2, 2, 'com.Ashwani.TestCases.TestCase1')
data.setCell(2, 3, 11677);
data.setCell(3, 0, 3)
data.setCell(3, 1, 'validateLoginWithCorrectCred')
data.setCell(3, 2, 'com.Ashwani.TestCases.TestCase1')
data.setCell(3, 3, 11213);
data.setCell(4, 0, 4)
data.setCell(4, 1, 'identifyUnaddedProductInCart')
data.setCell(4, 2, 'com.Ashwani.TestCases.TestCase2')
data.setCell(4, 3, 2972);
data.setCell(5, 0, 5)
data.setCell(5, 1, 'validateLoginWithWrongCred')
data.setCell(5, 2, 'com.Ashwani.TestCases.TestCase1')
data.setCell(5, 3, 2347);
data.setCell(6, 0, 6)
data.setCell(6, 1, 'validateLoginWithWrongCred')
data.setCell(6, 2, 'com.Ashwani.TestCases.TestCase1')
data.setCell(6, 3, 2345);
data.setCell(7, 0, 7)
data.setCell(7, 1, 'validateLoginWithWrongCred')
data.setCell(7, 2, 'com.Ashwani.TestCases.TestCase1')
data.setCell(7, 3, 1720);
data.setCell(8, 0, 8)
data.setCell(8, 1, 'validateLoginWithWrongCred')
data.setCell(8, 2, 'com.Ashwani.TestCases.TestCase1')
data.setCell(8, 3, 1495);
data.setCell(9, 0, 9)
data.setCell(9, 1, 'validateLoginWithValidCred')
data.setCell(9, 2, 'com.Ashwani.TestCases.TestCase1')
data.setCell(9, 3, 881);
data.setCell(10, 0, 10)
data.setCell(10, 1, 'validateLoginWithValidCred')
data.setCell(10, 2, 'com.Ashwani.TestCases.TestCase1')
data.setCell(10, 3, 852);
window.suiteTableData['Suite']= { tableData: data, tableDiv: 'times-div-Suite'}
return data;
}
              </script>
              <span class="suite-total-time">Total running time: 1 minutes</span>
              <div id="times-div-Suite">
              </div> <!-- times-div-Suite -->
            </div> <!-- times-div -->
          </div> <!-- main-panel-content rounded-window-bottom -->
        </div> <!-- panel -->
        <div panel-name="reporter-Suite" class="panel">
          <div class="main-panel-header rounded-window-top">
            <span class="header-content">Reporter output for Suite</span>
          </div> <!-- main-panel-header rounded-window-top -->
          <div class="main-panel-content rounded-window-bottom">
          </div> <!-- main-panel-content rounded-window-bottom -->
        </div> <!-- panel -->
        <div panel-name="ignored-methods-Suite" class="panel">
          <div class="main-panel-header rounded-window-top">
            <span class="header-content">0 ignored methods</span>
          </div> <!-- main-panel-header rounded-window-top -->
          <div class="main-panel-content rounded-window-bottom">
          </div> <!-- main-panel-content rounded-window-bottom -->
        </div> <!-- panel -->
        <div panel-name="chronological-Suite" class="panel">
          <div class="main-panel-header rounded-window-top">
            <span class="header-content">Methods in chronological order</span>
          </div> <!-- main-panel-header rounded-window-top -->
          <div class="main-panel-content rounded-window-bottom">
            <div class="chronological-class">
              <div class="chronological-class-name">com.Ashwani.TestCases.TestCase2</div> <!-- chronological-class-name -->
              <div class="configuration-method before">
                <span class="method-name">Intialization</span>
                <span class="method-start">0 ms</span>
              </div> <!-- configuration-method before -->
            </div> <!-- chronological-class -->
            <div class="chronological-class">
              <div class="chronological-class-name">com.Ashwani.TestCases.TestCase1</div> <!-- chronological-class-name -->
              <div class="configuration-method before">
                <span class="method-name">nvokeApplication</span>
                <span class="method-start">1 ms</span>
              </div> <!-- configuration-method before -->
            </div> <!-- chronological-class -->
            <div class="chronological-class">
              <div class="chronological-class-name">com.Ashwani.TestCases.TestCase2</div> <!-- chronological-class-name -->
              <div class="test-method">
                <span class="method-name">identifyUnaddedProductInCart</span>
                <span class="method-start">9238 ms</span>
              </div> <!-- test-method -->
            </div> <!-- chronological-class -->
            <div class="chronological-class">
              <div class="chronological-class-name">com.Ashwani.TestCases.TestCase1</div> <!-- chronological-class-name -->
              <div class="test-method">
                <span class="method-name">CheckCartAfterOrder({Email=ashwanis824@gmail.com, FirstProductName=IPHONE 13 PRO, SecondProductName=ADIDAS ORIGINAL, Pas...)</span>
                <span class="method-start">9315 ms</span>
              </div> <!-- test-method -->
            </div> <!-- chronological-class -->
            <div class="chronological-class">
              <div class="chronological-class-name">com.Ashwani.TestCases.TestCase2</div> <!-- chronological-class-name -->
              <div class="configuration-method after">
                <span class="method-name">closeCurrentWindow</span>
                <span class="method-start">12211 ms</span>
              </div> <!-- configuration-method after -->
            </div> <!-- chronological-class -->
            <div class="chronological-class">
              <div class="chronological-class-name">com.Ashwani.TestCases.TestCase1</div> <!-- chronological-class-name -->
              <div class="configuration-method after">
                <span class="method-name">closeCurrentWindow</span>
                <span class="method-start">22864 ms</span>
              </div> <!-- configuration-method after -->
              <div class="configuration-method before">
                <span class="method-name">nvokeApplication</span>
                <span class="method-start">22944 ms</span>
              </div> <!-- configuration-method before -->
              <div class="test-method">
                <span class="method-name">CheckCartAfterOrder({Email=ashwanis824@gmail.com, FirstProductName=ZARA COAT 3, SecondProductName=ADIDAS ORIGINAL, Passw...)</span>
                <span class="method-start">28031 ms</span>
              </div> <!-- test-method -->
              <div class="configuration-method after">
                <span class="method-name">closeCurrentWindow</span>
                <span class="method-start">40241 ms</span>
              </div> <!-- configuration-method after -->
              <div class="configuration-method before">
                <span class="method-name">nvokeApplication</span>
                <span class="method-start">40900 ms</span>
              </div> <!-- configuration-method before -->
              <div class="test-method">
                <span class="method-name">validateLoginWithCorrectCred({Email=ashwanis824@gmail.com, FirstProductName=ADIDAS ORIGINAL, SecondProductName=IPHONE 13 PRO, Pas...)</span>
                <span class="method-start">46165 ms</span>
              </div> <!-- test-method -->
              <div class="configuration-method after">
                <span class="method-name">closeCurrentWindow</span>
                <span class="method-start">57843 ms</span>
              </div> <!-- configuration-method after -->
              <div class="configuration-method before">
                <span class="method-name">nvokeApplication</span>
                <span class="method-start">57905 ms</span>
              </div> <!-- configuration-method before -->
              <div class="test-method">
                <span class="method-name">validateLoginWithCorrectCred({Email=ashwanis824@gmail.com, FirstProductName=ZARA COAT 3, SecondProductName=ADIDAS ORIGINAL, Passw...)</span>
                <span class="method-start">63338 ms</span>
              </div> <!-- test-method -->
              <div class="configuration-method after">
                <span class="method-name">closeCurrentWindow</span>
                <span class="method-start">74552 ms</span>
              </div> <!-- configuration-method after -->
              <div class="configuration-method before">
                <span class="method-name">nvokeApplication</span>
                <span class="method-start">74637 ms</span>
              </div> <!-- configuration-method before -->
              <div class="test-method">
                <span class="method-name">validateLoginWithValidCred(ashwanis824@gmail.com, Unacademy@50S)</span>
                <span class="method-start">80347 ms</span>
              </div> <!-- test-method -->
              <div class="configuration-method after">
                <span class="method-name">closeCurrentWindow</span>
                <span class="method-start">81200 ms</span>
              </div> <!-- configuration-method after -->
              <div class="configuration-method before">
                <span class="method-name">nvokeApplication</span>
                <span class="method-start">81259 ms</span>
              </div> <!-- configuration-method before -->
              <div class="test-method">
                <span class="method-name">validateLoginWithValidCred(ashwanis824@gmail.com, Unacademy@50S)</span>
                <span class="method-start">86103 ms</span>
              </div> <!-- test-method -->
              <div class="configuration-method after">
                <span class="method-name">closeCurrentWindow</span>
                <span class="method-start">86984 ms</span>
              </div> <!-- configuration-method after -->
              <div class="configuration-method before">
                <span class="method-name">nvokeApplication</span>
                <span class="method-start">87052 ms</span>
              </div> <!-- configuration-method before -->
              <div class="test-method">
                <img src="failed.png">
                </img>
                <span class="method-name">validateLoginWithWrongCred(ashwanis824@gmail.com, Unacademy@50S)</span>
                <span class="method-start">96789 ms</span>
              </div> <!-- test-method -->
              <div class="configuration-method after">
                <span class="method-name">closeCurrentWindow</span>
                <span class="method-start">99896 ms</span>
              </div> <!-- configuration-method after -->
              <div class="configuration-method before">
                <span class="method-name">nvokeApplication</span>
                <span class="method-start">100111 ms</span>
              </div> <!-- configuration-method before -->
              <div class="test-method">
                <img src="failed.png">
                </img>
                <span class="method-name">validateLoginWithWrongCred(ashwanis824@gmail.com, Unacademy@50S)</span>
                <span class="method-start">117948 ms</span>
              </div> <!-- test-method -->
              <div class="configuration-method after">
                <span class="method-name">closeCurrentWindow</span>
                <span class="method-start">120842 ms</span>
              </div> <!-- configuration-method after -->
              <div class="configuration-method before">
                <span class="method-name">nvokeApplication</span>
                <span class="method-start">120899 ms</span>
              </div> <!-- configuration-method before -->
              <div class="test-method">
                <img src="failed.png">
                </img>
                <span class="method-name">validateLoginWithWrongCred(ashwanis824@gmail.com, Unacademy@50S)</span>
                <span class="method-start">134866 ms</span>
              </div> <!-- test-method -->
              <div class="configuration-method after">
                <span class="method-name">closeCurrentWindow</span>
                <span class="method-start">137098 ms</span>
              </div> <!-- configuration-method after -->
              <div class="configuration-method before">
                <span class="method-name">nvokeApplication</span>
                <span class="method-start">137176 ms</span>
              </div> <!-- configuration-method before -->
              <div class="test-method">
                <img src="failed.png">
                </img>
                <span class="method-name">validateLoginWithWrongCred(ashwanis824@gmail.com, Unacademy@50S)</span>
                <span class="method-start">149811 ms</span>
              </div> <!-- test-method -->
              <div class="configuration-method after">
                <span class="method-name">closeCurrentWindow</span>
                <span class="method-start">151751 ms</span>
              </div> <!-- configuration-method after -->
          </div> <!-- main-panel-content rounded-window-bottom -->
        </div> <!-- panel -->
      </div> <!-- main-panel-root -->
    </div> <!-- wrapper -->
  </body>
</html>
